[ 12%] [32mBuilding CXX object CMakeFiles/lap_time_server.dir/src/lap_time_server.cpp.o[0m
[ 37%] Built target robot_driver
[ 62%] Built target wall_finder_server
[35m[1mConsolidate compiler generated dependencies of target lap_time_client[0m
[ 75%] [32mBuilding CXX object CMakeFiles/lap_time_client.dir/src/lap_time_client.cpp.o[0m
[01m[K/home/anthony/Desktop/Assignment10.1/src/turtlebot3_navigation/src/lap_time_server.cpp:7:7:[m[K [01;31m[Kerror: [m[Kredefinition of â€˜[01m[Kclass LapTimeActionServer[m[Kâ€™
    7 | class [01;31m[KLapTimeActionServer[m[K : public rclcpp::Node
      |       [01;31m[K^~~~~~~~~~~~~~~~~~~[m[K
In file included from [01m[K/home/anthony/Desktop/Assignment10.1/src/turtlebot3_navigation/src/lap_time_server.cpp:2[m[K:
[01m[K/home/anthony/Desktop/Assignment10.1/src/turtlebot3_navigation/include/lap_time_server.hpp:14:7:[m[K [01;36m[Knote: [m[Kprevious definition of â€˜[01m[Kclass LapTimeActionServer[m[Kâ€™
   14 | class [01;36m[KLapTimeActionServer[m[K : public rclcpp::Node
      |       [01;36m[K^~~~~~~~~~~~~~~~~~~[m[K
gmake[2]: *** [CMakeFiles/lap_time_server.dir/build.make:76: CMakeFiles/lap_time_server.dir/src/lap_time_server.cpp.o] Error 1
gmake[1]: *** [CMakeFiles/Makefile2:195: CMakeFiles/lap_time_server.dir/all] Error 2
gmake[1]: *** Waiting for unfinished jobs....
[ 87%] [32m[1mLinking CXX executable lap_time_client[0m
[ 87%] Built target lap_time_client
gmake: *** [Makefile:146: all] Error 2
