[01m[K/home/anthony/Desktop/Assignment10.1/src/turtlebot3_navigation/src/robot_driver.cpp:12:7:[m[K [01;31m[Kerror: [m[Kredefinition of â€˜[01m[Kclass RobotDriver[m[Kâ€™
   12 | class [01;31m[KRobotDriver[m[K : public rclcpp::Node {
      |       [01;31m[K^~~~~~~~~~~[m[K
In file included from [01m[K/home/anthony/Desktop/Assignment10.1/src/turtlebot3_navigation/src/robot_driver.cpp:1[m[K:
[01m[K/home/anthony/Desktop/Assignment10.1/src/turtlebot3_navigation/include/robot_driver.hpp:15:7:[m[K [01;36m[Knote: [m[Kprevious definition of â€˜[01m[Kclass RobotDriver[m[Kâ€™
   15 | class [01;36m[KRobotDriver[m[K : public rclcpp::Node {
      |       [01;36m[K^~~~~~~~~~~[m[K
gmake[2]: *** [CMakeFiles/robot_driver.dir/build.make:76: CMakeFiles/robot_driver.dir/src/robot_driver.cpp.o] Error 1
gmake[1]: *** [CMakeFiles/Makefile2:165: CMakeFiles/robot_driver.dir/all] Error 2
gmake: *** [Makefile:146: all] Error 2
