[0.033s] Invoking command in '/home/anthony/Desktop/Assignment10.1/build/turtlebot3_navigation': /usr/bin/cmake --build /home/anthony/Desktop/Assignment10.1/build/turtlebot3_navigation -- -j3 -l3
[0.185s] [35m[1mConsolidate compiler generated dependencies of target robot_driver[0m
[0.201s] [ 50%] Built target wall_finder_server
[0.206s] [ 75%] [32mBuilding CXX object CMakeFiles/robot_driver.dir/src/robot_driver.cpp.o[0m
[4.460s] [01m[K/home/anthony/Desktop/Assignment10.1/src/turtlebot3_navigation/src/robot_driver.cpp:[m[K In constructor â€˜[01m[KRobotDriver::RobotDriver()[m[Kâ€™:
[4.460s] [01m[K/home/anthony/Desktop/Assignment10.1/src/turtlebot3_navigation/src/robot_driver.cpp:24:5:[m[K [01;31m[Kerror: [m[Kâ€˜[01m[Kcall_wall_finder_service[m[Kâ€™ was not declared in this scope
[4.460s]    24 |     [01;31m[Kcall_wall_finder_service[m[K();
[4.460s]       |     [01;31m[K^~~~~~~~~~~~~~~~~~~~~~~~[m[K
[4.466s] [01m[K/home/anthony/Desktop/Assignment10.1/src/turtlebot3_navigation/src/robot_driver.cpp:[m[K At global scope:
[4.466s] [01m[K/home/anthony/Desktop/Assignment10.1/src/turtlebot3_navigation/src/robot_driver.cpp:36:6:[m[K [01;31m[Kerror: [m[Kno declaration matches â€˜[01m[Kvoid RobotDriver::call_wall_finder_service()[m[Kâ€™
[4.467s]    36 | void [01;31m[KRobotDriver[m[K::call_wall_finder_service() {
[4.467s]       |      [01;31m[K^~~~~~~~~~~[m[K
[4.468s] [01m[K/home/anthony/Desktop/Assignment10.1/src/turtlebot3_navigation/src/robot_driver.cpp:36:6:[m[K [01;36m[Knote: [m[Kno functions named â€˜[01m[Kvoid RobotDriver::call_wall_finder_service()[m[Kâ€™
[4.468s] In file included from [01m[K/home/anthony/Desktop/Assignment10.1/src/turtlebot3_navigation/src/robot_driver.cpp:1[m[K:
[4.469s] [01m[K/home/anthony/Desktop/Assignment10.1/src/turtlebot3_navigation/include/robot_driver.hpp:11:7:[m[K [01;36m[Knote: [m[Kâ€˜[01m[Kclass RobotDriver[m[Kâ€™ defined here
[4.469s]    11 | class [01;36m[KRobotDriver[m[K : public rclcpp::Node {
[4.469s]       |       [01;36m[K^~~~~~~~~~~[m[K
[9.454s] gmake[2]: *** [CMakeFiles/robot_driver.dir/build.make:76: CMakeFiles/robot_driver.dir/src/robot_driver.cpp.o] Error 1
[9.454s] gmake[1]: *** [CMakeFiles/Makefile2:165: CMakeFiles/robot_driver.dir/all] Error 2
[9.455s] gmake: *** [Makefile:146: all] Error 2
[9.458s] Invoked command in '/home/anthony/Desktop/Assignment10.1/build/turtlebot3_navigation' returned '2': /usr/bin/cmake --build /home/anthony/Desktop/Assignment10.1/build/turtlebot3_navigation -- -j3 -l3
