In file included from [01m[K/home/anthony/Desktop/Assignment10.1/src/turtlebot3_navigation/src/lap_time_server.cpp:1[m[K:
[01m[K/home/anthony/Desktop/Assignment10.1/src/turtlebot3_navigation/include/lap_time_server.hpp:9:10:[m[K [01;31m[Kfatal error: [m[Knav_msgs/msg/odometry.hpp: No such file or directory
    9 | #include [01;31m[K<nav_msgs/msg/odometry.hpp>[m[K
      |          [01;31m[K^~~~~~~~~~~~~~~~~~~~~~~~~~~[m[K
compilation terminated.
gmake[2]: *** [CMakeFiles/lap_time_server.dir/build.make:76: CMakeFiles/lap_time_server.dir/src/lap_time_server.cpp.o] Error 1
gmake[1]: *** [CMakeFiles/Makefile2:195: CMakeFiles/lap_time_server.dir/all] Error 2
gmake[1]: *** Waiting for unfinished jobs....
[01m[K/home/anthony/Desktop/Assignment10.1/src/turtlebot3_navigation/src/robot_driver.cpp:[m[K In member function â€˜[01m[Kvoid RobotDriver::handle_lap_starting_time(std::shared_ptr<turtlebot3_interfaces::srv::LapStartingTime_Request_<std::allocator<void> > >, std::shared_ptr<turtlebot3_interfaces::srv::LapStartingTime_Response_<std::allocator<void> > >)[m[Kâ€™:
[01m[K/home/anthony/Desktop/Assignment10.1/src/turtlebot3_navigation/src/robot_driver.cpp:57:120:[m[K [01;35m[Kwarning: [m[Kunused parameter â€˜[01m[Krequest[m[Kâ€™ [[01;35m[K]8;;https://gcc.gnu.org/onlinedocs/gcc/Warning-Options.html#index-Wunused-parameter-Wunused-parameter]8;;[m[K]
   57 | void RobotDriver::handle_lap_starting_time([01;35m[Kconst std::shared_ptr<turtlebot3_interfaces::srv::LapStartingTime::Request> request[m[K,
      |                                            [01;35m[K~~~~~~~~~~~~~~~~~~~~~~~~~~~~~~~~~~~~~~~~~~~~~~~~~~~~~~~~~~~~~~~~~~~~~~~~~~~~^~~~~~~[m[K
[01m[K/home/anthony/Desktop/Assignment10.1/src/turtlebot3_navigation/src/lap_time_client.cpp:[m[K In member function â€˜[01m[Kvoid LapTimeActionClient::call_lap_starting_time()[m[Kâ€™:
[01m[K/home/anthony/Desktop/Assignment10.1/src/turtlebot3_navigation/src/lap_time_client.cpp:21:50:[m[K [01;35m[Kwarning: [m[Kâ€˜[01m[Krclcpp::Client<ServiceT>::FutureAndRequestId::operator rclcpp::Client<ServiceT>::SharedFuture() [with ServiceT = turtlebot3_interfaces::srv::LapStartingTime; rclcpp::Client<ServiceT>::SharedFuture = std::shared_future<std::shared_ptr<turtlebot3_interfaces::srv::LapStartingTime_Response_<std::allocator<void> > > >][m[Kâ€™ is deprecated: FutureAndRequestId: use .future.share() instead of an implicit conversion [[01;35m[K]8;;https://gcc.gnu.org/onlinedocs/gcc/Warning-Options.html#index-Wdeprecated-declarations-Wdeprecated-declarations]8;;[m[K]
   21 |     future_ = client_->async_send_request(request[01;35m[K)[m[K;
      |                                                  [01;35m[K^[m[K
In file included from [01m[K/opt/ros/humble/include/rclcpp/rclcpp/callback_group.hpp:24[m[K,
                 from [01m[K/opt/ros/humble/include/rclcpp/rclcpp/any_executable.hpp:20[m[K,
                 from [01m[K/opt/ros/humble/include/rclcpp/rclcpp/memory_strategy.hpp:25[m[K,
                 from [01m[K/opt/ros/humble/include/rclcpp/rclcpp/memory_strategies.hpp:18[m[K,
                 from [01m[K/opt/ros/humble/include/rclcpp/rclcpp/executor_options.hpp:20[m[K,
                 from [01m[K/opt/ros/humble/include/rclcpp/rclcpp/executor.hpp:37[m[K,
                 from [01m[K/opt/ros/humble/include/rclcpp/rclcpp/executors/multi_threaded_executor.hpp:25[m[K,
                 from [01m[K/opt/ros/humble/include/rclcpp/rclcpp/executors.hpp:21[m[K,
                 from [01m[K/opt/ros/humble/include/rclcpp/rclcpp/rclcpp.hpp:155[m[K,
                 from [01m[K/home/anthony/Desktop/Assignment10.1/src/turtlebot3_navigation/include/lap_time_client.hpp:4[m[K,
                 from [01m[K/home/anthony/Desktop/Assignment10.1/src/turtlebot3_navigation/src/lap_time_client.cpp:1[m[K:
[01m[K/opt/ros/humble/include/rclcpp/rclcpp/client.hpp:415:5:[m[K [01;36m[Knote: [m[Kdeclared here
  415 |     [01;36m[Koperator[m[K SharedFuture() {return this->future.share();}
      |     [01;36m[K^~~~~~~~[m[K
gmake: *** [Makefile:146: all] Error 2
