[35m[1mConsolidate compiler generated dependencies of target lap_time_server[0m
[ 25%] Built target lap_time_server
[ 50%] Built target robot_driver
[ 75%] Built target wall_finder_server
[35m[1mConsolidate compiler generated dependencies of target lap_time_client[0m
[ 87%] [32mBuilding CXX object CMakeFiles/lap_time_client.dir/src/lap_time_client.cpp.o[0m
[01m[K/home/anthony/Desktop/Assignment10.1/src/turtlebot3_navigation/src/lap_time_client.cpp:[m[K In constructor â€˜[01m[KLapTimeActionClient::LapTimeActionClient(const rclcpp::NodeOptions&)[m[Kâ€™:
[01m[K/home/anthony/Desktop/Assignment10.1/src/turtlebot3_navigation/src/lap_time_client.cpp:19:37:[m[K [01;31m[Kerror: [m[Kâ€˜[01m[Kcall_lap_starting_time[m[Kâ€™ is not a member of â€˜[01m[KLapTimeActionClient[m[Kâ€™
   19 |     std::bind(&LapTimeActionClient::[01;31m[Kcall_lap_starting_time[m[K, this)
      |                                     [01;31m[K^~~~~~~~~~~~~~~~~~~~~~[m[K
gmake[2]: *** [CMakeFiles/lap_time_client.dir/build.make:76: CMakeFiles/lap_time_client.dir/src/lap_time_client.cpp.o] Error 1
gmake[1]: *** [CMakeFiles/Makefile2:221: CMakeFiles/lap_time_client.dir/all] Error 2
gmake: *** [Makefile:146: all] Error 2
